/home/knausb/gits/quast/quast.py --threads 1 --large --silent arab.fna.gz

Version: 5.2.0

System information:
  OS: Linux-6.5.0-35-generic-x86_64-with-glibc2.35 (linux_64)
  Python version: 3.11.0
  CPUs number: 8

Started: 2024-06-13 04:34:42

Logging to /home/knausb/gits/nuccomp/comparisons/quast_results/results_2024_06_13_04_34_42/quast.log

CWD: /home/knausb/gits/nuccomp/comparisons
Main parameters: 
  MODE: large, threads: 1, eukaryotic: true, min contig length: 3000, min alignment length: 500, \
  min alignment IDY: 95.0, ambiguity: one, min local misassembly length: 200, min extensive misassembly length: 7000

Contigs:
  Pre-processing...
  arab.fna.gz ==> arab

2024-06-13 04:34:48
Running Basic statistics processor...
  Contig files: 
    arab
  Calculating N50 and L50...
    arab, N50 = 23459830, L50 = 3, auN = 24546704.0, Total length = 119668634, GC % = 36.06, # N's per 100 kbp =  155.60
  Drawing Nx plot...
    saved to /home/knausb/gits/nuccomp/comparisons/quast_results/results_2024_06_13_04_34_42/basic_stats/Nx_plot.pdf
  Drawing cumulative plot...
    saved to /home/knausb/gits/nuccomp/comparisons/quast_results/results_2024_06_13_04_34_42/basic_stats/cumulative_plot.pdf
  Drawing GC content plot...
    saved to /home/knausb/gits/nuccomp/comparisons/quast_results/results_2024_06_13_04_34_42/basic_stats/GC_content_plot.pdf
  Drawing arab GC content plot...
    saved to /home/knausb/gits/nuccomp/comparisons/quast_results/results_2024_06_13_04_34_42/basic_stats/arab_GC_content_plot.pdf
Done.

NOTICE: Genes are not predicted by default. Use --gene-finding or --glimmer option to enable it.

2024-06-13 04:34:53
Creating large visual summaries...
This may take a while: press Ctrl-C to skip this step..
  1 of 2: Creating PDF with all tables and plots...
  2 of 2: Creating Icarus viewers...
Done

2024-06-13 04:34:54
RESULTS:
  Text versions of total report are saved to /home/knausb/gits/nuccomp/comparisons/quast_results/results_2024_06_13_04_34_42/report.txt, report.tsv, and report.tex
  Text versions of transposed total report are saved to /home/knausb/gits/nuccomp/comparisons/quast_results/results_2024_06_13_04_34_42/transposed_report.txt, transposed_report.tsv, and transposed_report.tex
  HTML version (interactive tables and plots) is saved to /home/knausb/gits/nuccomp/comparisons/quast_results/results_2024_06_13_04_34_42/report.html
  PDF version (tables and plots) is saved to /home/knausb/gits/nuccomp/comparisons/quast_results/results_2024_06_13_04_34_42/report.pdf
  Icarus (contig browser) is saved to /home/knausb/gits/nuccomp/comparisons/quast_results/results_2024_06_13_04_34_42/icarus.html
  Log is saved to /home/knausb/gits/nuccomp/comparisons/quast_results/results_2024_06_13_04_34_42/quast.log

Finished: 2024-06-13 04:34:54
Elapsed time: 0:00:12.064762
NOTICEs: 1; WARNINGs: 0; non-fatal ERRORs: 0

Thank you for using QUAST!
