/home/knausb/gits/quast/quast.py --threads 1 --large --silent --no-plots --no-html arab.fna.gz

Version: 5.2.0

System information:
  OS: Linux-6.5.0-35-generic-x86_64-with-glibc2.35 (linux_64)
  Python version: 3.11.0
  CPUs number: 8

Started: 2024-06-13 12:13:46

Logging to /home/knausb/gits/nuccomp/comparisons/quast_results/results_2024_06_13_12_13_46/quast.log

CWD: /home/knausb/gits/nuccomp/comparisons
Main parameters: 
  MODE: large, threads: 1, eukaryotic: true, min contig length: 3000, min alignment length: 500, \
  min alignment IDY: 95.0, ambiguity: one, min local misassembly length: 200, min extensive misassembly length: 7000

Contigs:
  Pre-processing...
  arab.fna.gz ==> arab

2024-06-13 12:13:52
Running Basic statistics processor...
  Contig files: 
    arab
  Calculating N50 and L50...
    arab, N50 = 23459830, L50 = 3, auN = 24546704.0, Total length = 119668634, GC % = 36.06, # N's per 100 kbp =  155.60
Done.

NOTICE: Genes are not predicted by default. Use --gene-finding or --glimmer option to enable it.

2024-06-13 12:13:56
RESULTS:
  Text versions of total report are saved to /home/knausb/gits/nuccomp/comparisons/quast_results/results_2024_06_13_12_13_46/report.txt, report.tsv, and report.tex
  Text versions of transposed total report are saved to /home/knausb/gits/nuccomp/comparisons/quast_results/results_2024_06_13_12_13_46/transposed_report.txt, transposed_report.tsv, and transposed_report.tex
  Log is saved to /home/knausb/gits/nuccomp/comparisons/quast_results/results_2024_06_13_12_13_46/quast.log

Finished: 2024-06-13 12:13:56
Elapsed time: 0:00:09.800720
NOTICEs: 1; WARNINGs: 0; non-fatal ERRORs: 0

Thank you for using QUAST!
